0 info it worked if it ends with ok
1 verbose cli [ '/usr/local/bin/node', '/usr/local/bin/npm', 'run', 'deploy' ]
2 info using npm@3.8.6
3 info using node@v8.0.0
4 verbose run-script [ 'predeploy', 'deploy', 'postdeploy' ]
5 info lifecycle mafiajs@1.0.0~predeploy: mafiajs@1.0.0
6 silly lifecycle mafiajs@1.0.0~predeploy: no script for predeploy, continuing
7 info lifecycle mafiajs@1.0.0~deploy: mafiajs@1.0.0
8 verbose lifecycle mafiajs@1.0.0~deploy: unsafe-perm in lifecycle true
9 verbose lifecycle mafiajs@1.0.0~deploy: PATH: /usr/local/lib/node_modules/npm/bin/node-gyp-bin:/Users/Brittany/Documents/Coding/Senior-Phase/mafiajs/node_modules/.bin:/usr/local/bin:/usr/local/bin:/usr/bin:/bin:/usr/sbin:/sbin:/Applications/Postgres.app/Contents/Versions/latest/bin
10 verbose lifecycle mafiajs@1.0.0~deploy: CWD: /Users/Brittany/Documents/Coding/Senior-Phase/mafiajs
11 silly lifecycle mafiajs@1.0.0~deploy: Args: [ '-c', 'script/deploy' ]
12 silly lifecycle mafiajs@1.0.0~deploy: Returned: code: 126  signal: null
13 info lifecycle mafiajs@1.0.0~deploy: Failed to exec deploy script
14 verbose stack Error: mafiajs@1.0.0 deploy: `script/deploy`
14 verbose stack Exit status 126
14 verbose stack     at EventEmitter.<anonymous> (/usr/local/lib/node_modules/npm/lib/utils/lifecycle.js:239:16)
14 verbose stack     at emitTwo (events.js:125:13)
14 verbose stack     at EventEmitter.emit (events.js:213:7)
14 verbose stack     at ChildProcess.<anonymous> (/usr/local/lib/node_modules/npm/lib/utils/spawn.js:24:14)
14 verbose stack     at emitTwo (events.js:125:13)
14 verbose stack     at ChildProcess.emit (events.js:213:7)
14 verbose stack     at maybeClose (internal/child_process.js:887:16)
14 verbose stack     at Process.ChildProcess._handle.onexit (internal/child_process.js:208:5)
15 verbose pkgid mafiajs@1.0.0
16 verbose cwd /Users/Brittany/Documents/Coding/Senior-Phase/mafiajs
17 error Darwin 16.7.0
18 error argv "/usr/local/bin/node" "/usr/local/bin/npm" "run" "deploy"
19 error node v8.0.0
20 error npm  v3.8.6
21 error code ELIFECYCLE
22 error mafiajs@1.0.0 deploy: `script/deploy`
22 error Exit status 126
23 error Failed at the mafiajs@1.0.0 deploy script 'script/deploy'.
23 error Make sure you have the latest version of node.js and npm installed.
23 error If you do, this is most likely a problem with the mafiajs package,
23 error not with npm itself.
23 error Tell the author that this fails on your system:
23 error     script/deploy
23 error You can get information on how to open an issue for this project with:
23 error     npm bugs mafiajs
23 error Or if that isn't available, you can get their info via:
23 error     npm owner ls mafiajs
23 error There is likely additional logging output above.
24 verbose exit [ 1, true ]
